Build started 22/04/2015 11:57:19 AM.
     1>Project "D:\Studying\Nhom 6\Nhom 6\Nhom 6.vcxproj" on node 2 (build target(s)).
     1>InitializeBuildStatus:
         Creating "Debug\Nhom 6.unsuccessfulbuild" because "AlwaysCreate" was specified.
       ClCompile:
         C:\Program Files (x86)\Microsoft Visual Studio 10.0\VC\bin\CL.exe /c /ZI /nologo /W3 /WX- /Od /Oy- /D WIN32 /D _DEBUG /D _CONSOLE /D _UNICODE /D UNICODE /Gm /EHsc /RTC1 /MDd /GS /fp:precise /Zc:wchar_t /Zc:forScope /Fo"Debug\\" /Fd"Debug\vc100.pdb" /Gd /TP /analyze- /errorReport:prompt DSSV.cpp main.cpp
         main.cpp
         DSSV.cpp
         Generating Code...
       Link:
         C:\Program Files (x86)\Microsoft Visual Studio 10.0\VC\bin\link.exe /ERRORREPORT:PROMPT /OUT:"D:\Studying\Nhom 6\Debug\Nhom 6.exe" /INCREMENTAL:NO /NOLOGO kernel32.lib user32.lib gdi32.lib winspool.lib comdlg32.lib advapi32.lib shell32.lib ole32.lib oleaut32.lib uuid.lib odbc32.lib odbccp32.lib /MANIFEST /ManifestFile:"Debug\Nhom 6.exe.intermediate.manifest" /MANIFESTUAC:"level='asInvoker' uiAccess='false'" /DEBUG /PDB:"D:\Studying\Nhom 6\Debug\Nhom 6.pdb" /SUBSYSTEM:CONSOLE /TLBID:1 /DYNAMICBASE /NXCOMPAT /IMPLIB:"D:\Studying\Nhom 6\Debug\Nhom 6.lib" /MACHINE:X86 Debug\DSSV.obj
         Debug\main.obj
         Debug\SinhVien.obj
         Debug\SVCD.obj
         Debug\SVDH.obj
     1>DSSV.obj : warning LNK4075: ignoring '/EDITANDCONTINUE' due to '/INCREMENTAL:NO' specification
         Nhom 6.vcxproj -> D:\Studying\Nhom 6\Debug\Nhom 6.exe
       Manifest:
         C:\Program Files (x86)\Microsoft SDKs\Windows\v7.0A\bin\mt.exe /nologo /verbose /outputresource:"D:\Studying\Nhom 6\Debug\Nhom 6.exe;#1" /manifest "Debug\Nhom 6.exe.intermediate.manifest"
       FinalizeBuildStatus:
         Deleting file "Debug\Nhom 6.unsuccessfulbuild".
         Touching "Debug\Nhom 6.lastbuildstate".
     1>Done Building Project "D:\Studying\Nhom 6\Nhom 6\Nhom 6.vcxproj" (build target(s)).

Build succeeded.

Time Elapsed 00:00:01.30
